d:\humber game programming\semester 5\game_301_shaked\classengine2\classengine2\debug\vc142.pdb
d:\humber game programming\semester 5\game_301_shaked\classengine2\classengine2\debug\vc142.idb
d:\humber game programming\semester 5\game_301_shaked\classengine2\classengine2\debug\model.obj
d:\humber game programming\semester 5\game_301_shaked\classengine2\classengine2\debug\mesh.obj
d:\humber game programming\semester 5\game_301_shaked\classengine2\classengine2\debug\loadobjmodel.obj
d:\humber game programming\semester 5\game_301_shaked\classengine2\classengine2\debug\gameobject.obj
d:\humber game programming\semester 5\game_301_shaked\classengine2\classengine2\debug\game1.obj
d:\humber game programming\semester 5\game_301_shaked\classengine2\classengine2\debug\main.obj
d:\humber game programming\semester 5\game_301_shaked\classengine2\classengine2\debug\texturehandler.obj
d:\humber game programming\semester 5\game_301_shaked\classengine2\classengine2\debug\shaderhandler.obj
d:\humber game programming\semester 5\game_301_shaked\classengine2\classengine2\debug\materialhandler.obj
d:\humber game programming\semester 5\game_301_shaked\classengine2\classengine2\debug\materialloader.obj
d:\humber game programming\semester 5\game_301_shaked\classengine2\classengine2\debug\lightsource.obj
d:\humber game programming\semester 5\game_301_shaked\classengine2\classengine2\debug\mouseeventlistener.obj
d:\humber game programming\semester 5\game_301_shaked\classengine2\classengine2\debug\eventlistener.obj
d:\humber game programming\semester 5\game_301_shaked\classengine2\classengine2\debug\window.obj
d:\humber game programming\semester 5\game_301_shaked\classengine2\classengine2\debug\timer.obj
d:\humber game programming\semester 5\game_301_shaked\classengine2\classengine2\debug\vmath.obj
d:\humber game programming\semester 5\game_301_shaked\classengine2\classengine2\debug\mmath.obj
d:\humber game programming\semester 5\game_301_shaked\classengine2\classengine2\debug\debug.obj
d:\humber game programming\semester 5\game_301_shaked\classengine2\classengine2\debug\coreengine.obj
d:\humber game programming\semester 5\game_301_shaked\classengine2\classengine2\debug\camera.obj
d:\humber game programming\semester 5\game_301_shaked\classengine2\classengine2\debug\scenegraph.obj
d:\humber game programming\semester 5\game_301_shaked\classengine2\classengine2\debug\imgui_widgets.obj
d:\humber game programming\semester 5\game_301_shaked\classengine2\classengine2\debug\imgui_impl_sdl.obj
d:\humber game programming\semester 5\game_301_shaked\classengine2\classengine2\debug\imgui_impl_opengl3.obj
d:\humber game programming\semester 5\game_301_shaked\classengine2\classengine2\debug\imgui_draw.obj
d:\humber game programming\semester 5\game_301_shaked\classengine2\classengine2\debug\imgui_demo.obj
d:\humber game programming\semester 5\game_301_shaked\classengine2\classengine2\debug\imgui.obj
d:\humber game programming\semester 5\game_301_shaked\classengine2\classengine2\debug\startscene.obj
d:\humber game programming\semester 5\game_301_shaked\classengine2\classengine2\debug\gamescene.obj
d:\humber game programming\semester 5\game_301_shaked\classengine2\debug\classengine2.exe
d:\humber game programming\semester 5\game_301_shaked\classengine2\debug\classengine2.ilk
d:\humber game programming\semester 5\game_301_shaked\classengine2\debug\classengine2.pdb
d:\humber game programming\semester 5\game_301_shaked\classengine2\classengine2\debug\classengine2.tlog\cl.command.1.tlog
d:\humber game programming\semester 5\game_301_shaked\classengine2\classengine2\debug\classengine2.tlog\cl.read.1.tlog
d:\humber game programming\semester 5\game_301_shaked\classengine2\classengine2\debug\classengine2.tlog\cl.write.1.tlog
d:\humber game programming\semester 5\game_301_shaked\classengine2\classengine2\debug\classengine2.tlog\link.command.1.tlog
d:\humber game programming\semester 5\game_301_shaked\classengine2\classengine2\debug\classengine2.tlog\link.read.1.tlog
d:\humber game programming\semester 5\game_301_shaked\classengine2\classengine2\debug\classengine2.tlog\link.write.1.tlog
