d:\humber game programming\semester 5\game_301_shaked\classengine2\classengine2\x64\debug\vc142.pdb
d:\humber game programming\semester 5\game_301_shaked\classengine2\classengine2\x64\debug\vc142.idb
d:\humber game programming\semester 5\game_301_shaked\classengine2\classengine2\x64\debug\imgui_demo.obj
d:\humber game programming\semester 5\game_301_shaked\classengine2\classengine2\x64\debug\imgui.obj
d:\humber game programming\semester 5\game_301_shaked\classengine2\classengine2\x64\debug\startscene.obj
d:\humber game programming\semester 5\game_301_shaked\classengine2\classengine2\x64\debug\gamescene.obj
d:\humber game programming\semester 5\game_301_shaked\classengine2\classengine2\x64\debug\model.obj
d:\humber game programming\semester 5\game_301_shaked\classengine2\classengine2\x64\debug\mesh.obj
d:\humber game programming\semester 5\game_301_shaked\classengine2\classengine2\x64\debug\loadobjmodel.obj
d:\humber game programming\semester 5\game_301_shaked\classengine2\classengine2\x64\debug\gameobject.obj
d:\humber game programming\semester 5\game_301_shaked\classengine2\classengine2\x64\debug\game1.obj
d:\humber game programming\semester 5\game_301_shaked\classengine2\classengine2\x64\debug\main.obj
d:\humber game programming\semester 5\game_301_shaked\classengine2\classengine2\x64\debug\texturehandler.obj
d:\humber game programming\semester 5\game_301_shaked\classengine2\classengine2\x64\debug\shaderhandler.obj
d:\humber game programming\semester 5\game_301_shaked\classengine2\classengine2\x64\debug\lightsource.obj
d:\humber game programming\semester 5\game_301_shaked\classengine2\classengine2\x64\debug\glwindow.obj
d:\humber game programming\semester 5\game_301_shaked\classengine2\classengine2\x64\debug\timer.obj
d:\humber game programming\semester 5\game_301_shaked\classengine2\classengine2\x64\debug\vmath.obj
d:\humber game programming\semester 5\game_301_shaked\classengine2\classengine2\x64\debug\mmath.obj
d:\humber game programming\semester 5\game_301_shaked\classengine2\classengine2\x64\debug\debug.obj
d:\humber game programming\semester 5\game_301_shaked\classengine2\classengine2\x64\debug\coreengine.obj
d:\humber game programming\semester 5\game_301_shaked\classengine2\classengine2\x64\debug\camera.obj
d:\humber game programming\semester 5\game_301_shaked\classengine2\classengine2\x64\debug\imgui_widgets.obj
d:\humber game programming\semester 5\game_301_shaked\classengine2\classengine2\x64\debug\imgui_impl_opengl3.obj
d:\humber game programming\semester 5\game_301_shaked\classengine2\classengine2\x64\debug\imgui_draw.obj
d:\humber game programming\semester 5\game_301_shaked\classengine2\x64\debug\classengine2.pdb
d:\humber game programming\semester 5\game_301_shaked\classengine2\classengine2\x64\debug\classengine2.tlog\cl.command.1.tlog
d:\humber game programming\semester 5\game_301_shaked\classengine2\classengine2\x64\debug\classengine2.tlog\cl.read.1.tlog
d:\humber game programming\semester 5\game_301_shaked\classengine2\classengine2\x64\debug\classengine2.tlog\cl.write.1.tlog
d:\humber game programming\semester 5\game_301_shaked\classengine2\classengine2\x64\debug\classengine2.tlog\link-cvtres.read.1.tlog
d:\humber game programming\semester 5\game_301_shaked\classengine2\classengine2\x64\debug\classengine2.tlog\link-cvtres.write.1.tlog
d:\humber game programming\semester 5\game_301_shaked\classengine2\classengine2\x64\debug\classengine2.tlog\link-rc.read.1.tlog
d:\humber game programming\semester 5\game_301_shaked\classengine2\classengine2\x64\debug\classengine2.tlog\link-rc.write.1.tlog
d:\humber game programming\semester 5\game_301_shaked\classengine2\classengine2\x64\debug\classengine2.tlog\link.command.1.tlog
d:\humber game programming\semester 5\game_301_shaked\classengine2\classengine2\x64\debug\classengine2.tlog\link.read.1.tlog
d:\humber game programming\semester 5\game_301_shaked\classengine2\classengine2\x64\debug\classengine2.tlog\link.write.1.tlog
